<?xml version="1.0" encoding="UTF-8"?>
<!-- Generated by org.testng.reporters.JUnitXMLReporter -->
<testsuite ignored="0" hostname="Tuf-Machine" failures="0" tests="9" name="Default test" time="38.268" errors="0" timestamp="2023-08-17T20:28:14 IST">
  <testcase classname="Object_Package.Testing" name="clickbikes" time="0.562"/>
  <testcase classname="Object_Package.Testing" name="upcoming" time="0.655"/>
  <testcase classname="Object_Package.Testing" name="honda" time="7.451"/>
  <testcase classname="Object_Package.Testing" name="details" time="10.57"/>
  <testcase classname="Object_Package.Testing" name="displayingdetails" time="0.92"/>
  <testcase classname="Object_Package.Testing" name="alreadyused" time="4.562"/>
  <testcase classname="Object_Package.Testing" name="displaycompanies" time="1.199"/>
  <testcase classname="Object_Package.Testing" name="login" time="2.278"/>
  <testcase classname="Object_Package.Testing" name="clickinggmail" time="9.975"/>
</testsuite> <!-- Default test -->
