<?xml version="1.0" encoding="UTF-8"?>
<!-- Generated by org.testng.reporters.JUnitXMLReporter -->
<testsuite ignored="0" hostname="MSI" failures="0" tests="4" name="Test" time="0.04" errors="0" timestamp="2023-07-18T17:19:05 IST">
  <testcase classname="abc.TestClass" name="abc" time="0.008"/>
  <testcase classname="abc.TestClass" name="bcd" time="0.001"/>
  <testcase classname="abc.TestClass1" name="abc" time="0.001"/>
  <testcase classname="abc.TestClass1" name="bcd" time="0.001"/>
</testsuite> <!-- Test -->
