<?xml version="1.0" encoding="UTF-8"?>
<!-- Generated by org.testng.reporters.JUnitXMLReporter -->
<testsuite ignored="0" hostname="MSI" failures="0" tests="9" name="ZigWheels" time="41.814" errors="0" timestamp="2023-07-18T16:16:12 IST">
  <testcase classname="Object_Package.Testing" name="clickbikes" time="1.54"/>
  <testcase classname="Object_Package.Testing" name="upcoming" time="5.82"/>
  <testcase classname="Object_Package.Testing" name="honda" time="5.499"/>
  <testcase classname="Object_Package.Testing" name="details" time="10.344"/>
  <testcase classname="Object_Package.Testing" name="displayingdetails" time="0.508"/>
  <testcase classname="Object_Package.Testing" name="alreadyused" time="2.957"/>
  <testcase classname="Object_Package.Testing" name="displaycompanies" time="1.676"/>
  <testcase classname="Object_Package.Testing" name="login" time="1.97"/>
  <testcase classname="Object_Package.Testing" name="clickinggmail" time="11.448"/>
</testsuite> <!-- ZigWheels -->
