<?xml version="1.0" encoding="UTF-8"?>
<testng-results ignored="0" total="9" passed="9" failed="0" skipped="0">
  <reporter-output>
  </reporter-output>
  <suite started-at="2023-08-17T20:27:36 IST" name="Default suite" finished-at="2023-08-17T20:28:14 IST" duration-ms="38268">
    <groups>
    </groups>
    <test started-at="2023-08-17T20:27:36 IST" name="Default test" finished-at="2023-08-17T20:28:14 IST" duration-ms="38268">
      <class name="Object_Package.Testing">
        <test-method is-config="true" signature="setup()[pri:0, instance:Object_Package.Testing@2767e23c]" started-at="2023-08-17T20:26:07 IST" name="setup" finished-at="2023-08-17T20:27:36 IST" duration-ms="88747" status="PASS">
          <reporter-output>
          </reporter-output>
        </test-method> <!-- setup -->
        <test-method is-config="true" signature="startTest()[pri:0, instance:Object_Package.Testing@2767e23c]" started-at="2023-08-17T20:27:36 IST" name="startTest" finished-at="2023-08-17T20:27:36 IST" duration-ms="22" status="PASS">
          <reporter-output>
          </reporter-output>
        </test-method> <!-- startTest -->
        <test-method signature="clickbikes()[pri:1, instance:Object_Package.Testing@2767e23c]" started-at="2023-08-17T20:27:36 IST" name="clickbikes" finished-at="2023-08-17T20:27:37 IST" duration-ms="562" status="PASS">
          <reporter-output>
          </reporter-output>
        </test-method> <!-- clickbikes -->
        <test-method signature="upcoming()[pri:2, instance:Object_Package.Testing@2767e23c]" started-at="2023-08-17T20:27:37 IST" name="upcoming" finished-at="2023-08-17T20:27:37 IST" duration-ms="655" status="PASS">
          <reporter-output>
          </reporter-output>
        </test-method> <!-- upcoming -->
        <test-method signature="honda()[pri:3, instance:Object_Package.Testing@2767e23c]" started-at="2023-08-17T20:27:37 IST" name="honda" finished-at="2023-08-17T20:27:45 IST" depends-on-methods="Object_Package.Testing.upcoming" duration-ms="7451" status="PASS">
          <reporter-output>
          </reporter-output>
        </test-method> <!-- honda -->
        <test-method signature="details()[pri:4, instance:Object_Package.Testing@2767e23c]" started-at="2023-08-17T20:27:45 IST" name="details" finished-at="2023-08-17T20:27:55 IST" depends-on-methods="Object_Package.Testing.honda" duration-ms="10570" status="PASS">
          <reporter-output>
          </reporter-output>
        </test-method> <!-- details -->
        <test-method signature="displayingdetails()[pri:5, instance:Object_Package.Testing@2767e23c]" started-at="2023-08-17T20:27:55 IST" name="displayingdetails" finished-at="2023-08-17T20:27:56 IST" depends-on-methods="Object_Package.Testing.details" duration-ms="920" status="PASS">
          <reporter-output>
          </reporter-output>
        </test-method> <!-- displayingdetails -->
        <test-method signature="alreadyused()[pri:6, instance:Object_Package.Testing@2767e23c]" started-at="2023-08-17T20:27:56 IST" name="alreadyused" finished-at="2023-08-17T20:28:01 IST" duration-ms="4562" status="PASS">
          <reporter-output>
          </reporter-output>
        </test-method> <!-- alreadyused -->
        <test-method signature="displaycompanies()[pri:7, instance:Object_Package.Testing@2767e23c]" started-at="2023-08-17T20:28:01 IST" name="displaycompanies" finished-at="2023-08-17T20:28:02 IST" depends-on-methods="Object_Package.Testing.alreadyused" duration-ms="1199" status="PASS">
          <reporter-output>
          </reporter-output>
        </test-method> <!-- displaycompanies -->
        <test-method signature="login()[pri:8, instance:Object_Package.Testing@2767e23c]" started-at="2023-08-17T20:28:02 IST" name="login" finished-at="2023-08-17T20:28:04 IST" duration-ms="2278" status="PASS">
          <reporter-output>
          </reporter-output>
        </test-method> <!-- login -->
        <test-method signature="clickinggmail()[pri:9, instance:Object_Package.Testing@2767e23c]" started-at="2023-08-17T20:28:04 IST" name="clickinggmail" finished-at="2023-08-17T20:28:14 IST" depends-on-methods="Object_Package.Testing.login" duration-ms="9975" status="PASS">
          <reporter-output>
          </reporter-output>
        </test-method> <!-- clickinggmail -->
        <test-method is-config="true" signature="closeBrowser()[pri:0, instance:Object_Package.Testing@2767e23c]" started-at="2023-08-17T20:28:14 IST" name="closeBrowser" finished-at="2023-08-17T20:28:15 IST" duration-ms="911" status="PASS">
          <reporter-output>
          </reporter-output>
        </test-method> <!-- closeBrowser -->
      </class> <!-- Object_Package.Testing -->
    </test> <!-- Default test -->
  </suite> <!-- Default suite -->
</testng-results>
